<?xml version="1.0" encoding="UTF-8"?>
<testng-results total="1" passed="1" failed="0" skipped="0">
  <reporter-output>
  </reporter-output>
  <suite started-at="2020-06-07T15:43:08Z" name="Default suite" finished-at="2020-06-07T15:44:03Z" duration-ms="54994">
    <groups>
    </groups>
    <test started-at="2020-06-07T15:43:08Z" name="Default test" finished-at="2020-06-07T15:44:03Z" duration-ms="54994">
      <class name="example.NewTest">
        <test-method is-config="true" signature="beforeTest()[pri:0, instance:example.NewTest@593aaf41]" started-at="2020-06-07T21:13:08Z" name="beforeTest" finished-at="2020-06-07T21:13:39Z" duration-ms="31714" status="PASS">
          <reporter-output>
          </reporter-output>
        </test-method> <!-- beforeTest -->
        <test-method signature="testEasy()[pri:0, instance:example.NewTest@593aaf41]" started-at="2020-06-07T21:13:39Z" name="testEasy" finished-at="2020-06-07T21:13:59Z" duration-ms="19837" status="PASS">
          <reporter-output>
          </reporter-output>
        </test-method> <!-- testEasy -->
        <test-method is-config="true" signature="afterTest()[pri:0, instance:example.NewTest@593aaf41]" started-at="2020-06-07T21:13:59Z" name="afterTest" finished-at="2020-06-07T21:14:03Z" duration-ms="3431" status="PASS">
          <reporter-output>
          </reporter-output>
        </test-method> <!-- afterTest -->
      </class> <!-- example.NewTest -->
    </test> <!-- Default test -->
  </suite> <!-- Default suite -->
</testng-results>
